<?xml version="1.0" encoding="UTF-8"?>
<testsuite xmlns:xsi="http://www.w3.org/2001/XMLSchema-instance" xsi:noNamespaceSchemaLocation="https://maven.apache.org/surefire/maven-surefire-plugin/xsd/surefire-test-report-3.0.xsd" version="3.0" name="hellocucumber.RunCucumberTest" time="0.283" tests="2" errors="0" skipped="0" failures="0">
  <properties>
    <property name="java.specification.version" value="18"/>
    <property name="sun.cpu.isalist" value="amd64"/>
    <property name="sun.jnu.encoding" value="Cp1252"/>
    <property name="java.class.path" value="C:\Users\fdome\OneDrive\Documents\ENSC 3A\MGL-7460_Realisation_logiciel\hellocucumber\target\test-classes;C:\Users\fdome\OneDrive\Documents\ENSC 3A\MGL-7460_Realisation_logiciel\hellocucumber\target\classes;C:\Users\fdome\.m2\repository\io\cucumber\cucumber-java\7.9.0\cucumber-java-7.9.0.jar;C:\Users\fdome\.m2\repository\io\cucumber\cucumber-core\7.9.0\cucumber-core-7.9.0.jar;C:\Users\fdome\.m2\repository\io\cucumber\cucumber-gherkin\7.9.0\cucumber-gherkin-7.9.0.jar;C:\Users\fdome\.m2\repository\io\cucumber\cucumber-gherkin-messages\7.9.0\cucumber-gherkin-messages-7.9.0.jar;C:\Users\fdome\.m2\repository\io\cucumber\gherkin\24.1.0\gherkin-24.1.0.jar;C:\Users\fdome\.m2\repository\io\cucumber\messages\19.1.4\messages-19.1.4.jar;C:\Users\fdome\.m2\repository\io\cucumber\tag-expressions\4.1.0\tag-expressions-4.1.0.jar;C:\Users\fdome\.m2\repository\io\cucumber\cucumber-expressions\16.0.0\cucumber-expressions-16.0.0.jar;C:\Users\fdome\.m2\repository\io\cucumber\datatable\7.9.0\datatable-7.9.0.jar;C:\Users\fdome\.m2\repository\io\cucumber\cucumber-plugin\7.9.0\cucumber-plugin-7.9.0.jar;C:\Users\fdome\.m2\repository\io\cucumber\docstring\7.9.0\docstring-7.9.0.jar;C:\Users\fdome\.m2\repository\io\cucumber\html-formatter\20.1.0\html-formatter-20.1.0.jar;C:\Users\fdome\.m2\repository\io\cucumber\ci-environment\9.1.0\ci-environment-9.1.0.jar;C:\Users\fdome\.m2\repository\org\apiguardian\apiguardian-api\1.1.2\apiguardian-api-1.1.2.jar;C:\Users\fdome\.m2\repository\io\cucumber\cucumber-junit-platform-engine\7.9.0\cucumber-junit-platform-engine-7.9.0.jar;C:\Users\fdome\.m2\repository\org\junit\platform\junit-platform-engine\1.9.1\junit-platform-engine-1.9.1.jar;C:\Users\fdome\.m2\repository\org\opentest4j\opentest4j\1.2.0\opentest4j-1.2.0.jar;C:\Users\fdome\.m2\repository\org\junit\platform\junit-platform-commons\1.9.1\junit-platform-commons-1.9.1.jar;C:\Users\fdome\.m2\repository\org\junit\platform\junit-platform-suite\1.9.1\junit-platform-suite-1.9.1.jar;C:\Users\fdome\.m2\repository\org\junit\platform\junit-platform-suite-api\1.9.1\junit-platform-suite-api-1.9.1.jar;C:\Users\fdome\.m2\repository\org\junit\platform\junit-platform-suite-engine\1.9.1\junit-platform-suite-engine-1.9.1.jar;C:\Users\fdome\.m2\repository\org\junit\platform\junit-platform-suite-commons\1.9.1\junit-platform-suite-commons-1.9.1.jar;C:\Users\fdome\.m2\repository\org\junit\platform\junit-platform-launcher\1.9.1\junit-platform-launcher-1.9.1.jar;C:\Users\fdome\.m2\repository\org\junit\jupiter\junit-jupiter\5.9.1\junit-jupiter-5.9.1.jar;C:\Users\fdome\.m2\repository\org\junit\jupiter\junit-jupiter-api\5.9.1\junit-jupiter-api-5.9.1.jar;C:\Users\fdome\.m2\repository\org\junit\jupiter\junit-jupiter-params\5.9.1\junit-jupiter-params-5.9.1.jar;C:\Users\fdome\.m2\repository\org\junit\jupiter\junit-jupiter-engine\5.9.1\junit-jupiter-engine-5.9.1.jar;C:\Users\fdome\.m2\repository\com\googlecode\json-simple\json-simple\1.1.1\json-simple-1.1.1.jar;C:\Users\fdome\.m2\repository\junit\junit\4.10\junit-4.10.jar;C:\Users\fdome\.m2\repository\org\hamcrest\hamcrest-core\1.1\hamcrest-core-1.1.jar;C:\Users\fdome\.m2\repository\org\xerial\sqlite-jdbc\3.39.3.0\sqlite-jdbc-3.39.3.0.jar;"/>
    <property name="java.vm.vendor" value="Oracle Corporation"/>
    <property name="sun.arch.data.model" value="64"/>
    <property name="user.variant" value=""/>
    <property name="java.vendor.url" value="https://java.oracle.com/"/>
    <property name="user.timezone" value="America/New_York"/>
    <property name="os.name" value="Windows 11"/>
    <property name="java.vm.specification.version" value="18"/>
    <property name="sun.java.launcher" value="SUN_STANDARD"/>
    <property name="user.country" value="FR"/>
    <property name="sun.boot.library.path" value="C:\Program Files\Java\jdk-18.0.2.1\bin"/>
    <property name="sun.java.command" value="C:\Users\fdome\AppData\Local\Temp\surefire6213348199487306840\surefirebooter-20221124205719970_3.jar C:\Users\fdome\AppData\Local\Temp\surefire6213348199487306840 2022-11-24T20-57-19_674-jvmRun1 surefire-20221124205719970_1tmp surefire_0-20221124205719970_2tmp"/>
    <property name="jdk.debug" value="release"/>
    <property name="surefire.test.class.path" value="C:\Users\fdome\OneDrive\Documents\ENSC 3A\MGL-7460_Realisation_logiciel\hellocucumber\target\test-classes;C:\Users\fdome\OneDrive\Documents\ENSC 3A\MGL-7460_Realisation_logiciel\hellocucumber\target\classes;C:\Users\fdome\.m2\repository\io\cucumber\cucumber-java\7.9.0\cucumber-java-7.9.0.jar;C:\Users\fdome\.m2\repository\io\cucumber\cucumber-core\7.9.0\cucumber-core-7.9.0.jar;C:\Users\fdome\.m2\repository\io\cucumber\cucumber-gherkin\7.9.0\cucumber-gherkin-7.9.0.jar;C:\Users\fdome\.m2\repository\io\cucumber\cucumber-gherkin-messages\7.9.0\cucumber-gherkin-messages-7.9.0.jar;C:\Users\fdome\.m2\repository\io\cucumber\gherkin\24.1.0\gherkin-24.1.0.jar;C:\Users\fdome\.m2\repository\io\cucumber\messages\19.1.4\messages-19.1.4.jar;C:\Users\fdome\.m2\repository\io\cucumber\tag-expressions\4.1.0\tag-expressions-4.1.0.jar;C:\Users\fdome\.m2\repository\io\cucumber\cucumber-expressions\16.0.0\cucumber-expressions-16.0.0.jar;C:\Users\fdome\.m2\repository\io\cucumber\datatable\7.9.0\datatable-7.9.0.jar;C:\Users\fdome\.m2\repository\io\cucumber\cucumber-plugin\7.9.0\cucumber-plugin-7.9.0.jar;C:\Users\fdome\.m2\repository\io\cucumber\docstring\7.9.0\docstring-7.9.0.jar;C:\Users\fdome\.m2\repository\io\cucumber\html-formatter\20.1.0\html-formatter-20.1.0.jar;C:\Users\fdome\.m2\repository\io\cucumber\ci-environment\9.1.0\ci-environment-9.1.0.jar;C:\Users\fdome\.m2\repository\org\apiguardian\apiguardian-api\1.1.2\apiguardian-api-1.1.2.jar;C:\Users\fdome\.m2\repository\io\cucumber\cucumber-junit-platform-engine\7.9.0\cucumber-junit-platform-engine-7.9.0.jar;C:\Users\fdome\.m2\repository\org\junit\platform\junit-platform-engine\1.9.1\junit-platform-engine-1.9.1.jar;C:\Users\fdome\.m2\repository\org\opentest4j\opentest4j\1.2.0\opentest4j-1.2.0.jar;C:\Users\fdome\.m2\repository\org\junit\platform\junit-platform-commons\1.9.1\junit-platform-commons-1.9.1.jar;C:\Users\fdome\.m2\repository\org\junit\platform\junit-platform-suite\1.9.1\junit-platform-suite-1.9.1.jar;C:\Users\fdome\.m2\repository\org\junit\platform\junit-platform-suite-api\1.9.1\junit-platform-suite-api-1.9.1.jar;C:\Users\fdome\.m2\repository\org\junit\platform\junit-platform-suite-engine\1.9.1\junit-platform-suite-engine-1.9.1.jar;C:\Users\fdome\.m2\repository\org\junit\platform\junit-platform-suite-commons\1.9.1\junit-platform-suite-commons-1.9.1.jar;C:\Users\fdome\.m2\repository\org\junit\platform\junit-platform-launcher\1.9.1\junit-platform-launcher-1.9.1.jar;C:\Users\fdome\.m2\repository\org\junit\jupiter\junit-jupiter\5.9.1\junit-jupiter-5.9.1.jar;C:\Users\fdome\.m2\repository\org\junit\jupiter\junit-jupiter-api\5.9.1\junit-jupiter-api-5.9.1.jar;C:\Users\fdome\.m2\repository\org\junit\jupiter\junit-jupiter-params\5.9.1\junit-jupiter-params-5.9.1.jar;C:\Users\fdome\.m2\repository\org\junit\jupiter\junit-jupiter-engine\5.9.1\junit-jupiter-engine-5.9.1.jar;C:\Users\fdome\.m2\repository\com\googlecode\json-simple\json-simple\1.1.1\json-simple-1.1.1.jar;C:\Users\fdome\.m2\repository\junit\junit\4.10\junit-4.10.jar;C:\Users\fdome\.m2\repository\org\hamcrest\hamcrest-core\1.1\hamcrest-core-1.1.jar;C:\Users\fdome\.m2\repository\org\xerial\sqlite-jdbc\3.39.3.0\sqlite-jdbc-3.39.3.0.jar;"/>
    <property name="sun.cpu.endian" value="little"/>
    <property name="user.home" value="C:\Users\fdome"/>
    <property name="user.language" value="fr"/>
    <property name="java.specification.vendor" value="Oracle Corporation"/>
    <property name="java.version.date" value="2022-08-18"/>
    <property name="java.home" value="C:\Program Files\Java\jdk-18.0.2.1"/>
    <property name="file.separator" value="\"/>
    <property name="basedir" value="C:\Users\fdome\OneDrive\Documents\ENSC 3A\MGL-7460_Realisation_logiciel\hellocucumber"/>
    <property name="java.vm.compressedOopsMode" value="Zero based"/>
    <property name="line.separator" value="&#10;"/>
    <property name="java.vm.specification.vendor" value="Oracle Corporation"/>
    <property name="java.specification.name" value="Java Platform API Specification"/>
    <property name="surefire.real.class.path" value="C:\Users\fdome\AppData\Local\Temp\surefire6213348199487306840\surefirebooter-20221124205719970_3.jar"/>
    <property name="user.script" value=""/>
    <property name="sun.management.compiler" value="HotSpot 64-Bit Tiered Compilers"/>
    <property name="java.runtime.version" value="18.0.2.1+1-1"/>
    <property name="user.name" value="fdome"/>
    <property name="path.separator" value=";"/>
    <property name="os.version" value="10.0"/>
    <property name="java.runtime.name" value="Java(TM) SE Runtime Environment"/>
    <property name="file.encoding" value="UTF-8"/>
    <property name="java.vm.name" value="Java HotSpot(TM) 64-Bit Server VM"/>
    <property name="localRepository" value="C:\Users\fdome\.m2\repository"/>
    <property name="java.vendor.url.bug" value="https://bugreport.java.com/bugreport/"/>
    <property name="java.io.tmpdir" value="C:\Users\fdome\AppData\Local\Temp\"/>
    <property name="java.version" value="18.0.2.1"/>
    <property name="user.dir" value="C:\Users\fdome\OneDrive\Documents\ENSC 3A\MGL-7460_Realisation_logiciel\hellocucumber"/>
    <property name="os.arch" value="amd64"/>
    <property name="java.vm.specification.name" value="Java Virtual Machine Specification"/>
    <property name="sun.os.patch.level" value=""/>
    <property name="native.encoding" value="Cp1252"/>
    <property name="java.library.path" value="C:\Program Files\Java\jdk-18.0.2.1\bin;C:\WINDOWS\Sun\Java\bin;C:\WINDOWS\system32;C:\WINDOWS;C:/Program Files/Java/jdk-18.0.2.1/bin/server;C:/Program Files/Java/jdk-18.0.2.1/bin;C:\Ruby31-x64\bin;C:\msys64\mingw64\bin;C:\WINDOWS\system32;C:\Program Files\Java\jdk-18.0.2.1\bin;C:\Program Files\nodejs;C:\Program Files\Git\bin;C:\Program Files\bin;C:\msys64\usr\bin;C:\Program Files\apache-maven-3.8.6\bin;C:\Program Files\Java\jdk-17.0.1;C:\Program Files\nodejs\;C:\Ruby31-x64\bin;C:\Users\fdome\AppData\Local\Microsoft\WindowsApps;C:\Users\fdome\OneDrive\Documents\Latex\miktex\bin\x64\;C:\Users\fdome\.dotnet\tools;C:\Users\fdome\AppData\Local\Programs\Microsoft VS Code\bin;C:\Users\fdome\AppData\Local\Android\Sdk\platform-tools;C:\Users\fdome\AppData\Local\GitHubDesktop\bin;C:\msys64\mingw64\bin;C:\Program Files\Java\jdk-18.0.2.1\bin;C:\Users\fdome\AppData\Roaming\npm;C:\Users\fdome\OneDrive\Bureau;;."/>
    <property name="java.vm.info" value="mixed mode, sharing"/>
    <property name="java.vendor" value="Oracle Corporation"/>
    <property name="java.vm.version" value="18.0.2.1+1-1"/>
    <property name="sun.io.unicode.encoding" value="UnicodeLittle"/>
    <property name="java.class.version" value="62.0"/>
  </properties>
  <testcase name="Example #1" classname="Examples" time="0.163">
    <system-out><![CDATA[
Scenario Outline: can user access to meteo data center ?  &amp#27;[90m# hellocucumber/Connection.feature:12&amp#27;[0m
Meteo center opened!
  &amp#27;[32mGiven &amp#27;[0m&amp#27;[32muser login is &amp#27;[0m&amp#27;[32m&amp#27;[1m"admin"&amp#27;[0m                             &amp#27;[90m# hellocucumber.StepDefinitions.user_login_is(java.lang.String)&amp#27;[0m
  &amp#27;[32mAnd &amp#27;[0m&amp#27;[32muser password is &amp#27;[0m&amp#27;[32m&amp#27;[1m"admin"&amp#27;[0m                            &amp#27;[90m# hellocucumber.StepDefinitions.user_password_is(java.lang.String)&amp#27;[0m
  &amp#27;[32mWhen &amp#27;[0m&amp#27;[32mI ask whether user can access to meteo data center&amp#27;[0m &amp#27;[90m# hellocucumber.StepDefinitions.can_user_connect()&amp#27;[0m
  &amp#27;[32mThen &amp#27;[0m&amp#27;[32mI should be told &amp#27;[0m&amp#27;[32m&amp#27;[1m"true"&amp#27;[0m                            &amp#27;[90m# hellocucumber.StepDefinitions.i_should_be_told(java.lang.String)&amp#27;[0m
]]></system-out>
  </testcase>
  <testcase name="Example #2" classname="Examples" time="0.007">
    <system-out><![CDATA[
Scenario Outline: can user access to meteo data center ?  &amp#27;[90m# hellocucumber/Connection.feature:13&amp#27;[0m
Meteo center opened!
  &amp#27;[32mGiven &amp#27;[0m&amp#27;[32muser login is &amp#27;[0m&amp#27;[32m&amp#27;[1m"wrong"&amp#27;[0m                             &amp#27;[90m# hellocucumber.StepDefinitions.user_login_is(java.lang.String)&amp#27;[0m
  &amp#27;[32mAnd &amp#27;[0m&amp#27;[32muser password is &amp#27;[0m&amp#27;[32m&amp#27;[1m"wrong"&amp#27;[0m                            &amp#27;[90m# hellocucumber.StepDefinitions.user_password_is(java.lang.String)&amp#27;[0m
Incorrect user, please check login or password
  &amp#27;[32mWhen &amp#27;[0m&amp#27;[32mI ask whether user can access to meteo data center&amp#27;[0m &amp#27;[90m# hellocucumber.StepDefinitions.can_user_connect()&amp#27;[0m
  &amp#27;[32mThen &amp#27;[0m&amp#27;[32mI should be told &amp#27;[0m&amp#27;[32m&amp#27;[1m"false"&amp#27;[0m                           &amp#27;[90m# hellocucumber.StepDefinitions.i_should_be_told(java.lang.String)&amp#27;[0m
]]></system-out>
  </testcase>
</testsuite>